2019-08-28 11:21:35,389 0      [           main] INFO  DefaultTestContextBootstrapper  - Loaded default TestExecutionListener class names from location [META-INF/spring.factories]: [org.springframework.test.context.web.ServletTestExecutionListener, org.springframework.test.context.support.DirtiesContextBeforeModesTestExecutionListener, org.springframework.test.context.support.DependencyInjectionTestExecutionListener, org.springframework.test.context.support.DirtiesContextTestExecutionListener, org.springframework.test.context.transaction.TransactionalTestExecutionListener, org.springframework.test.context.jdbc.SqlScriptsTestExecutionListener]
2019-08-28 11:21:35,404 15     [           main] INFO  DefaultTestContextBootstrapper  - Using TestExecutionListeners: [org.springframework.test.context.web.ServletTestExecutionListener@5025a98f, org.springframework.test.context.support.DirtiesContextBeforeModesTestExecutionListener@49993335, org.springframework.test.context.support.DependencyInjectionTestExecutionListener@20322d26, org.springframework.test.context.support.DirtiesContextTestExecutionListener@192b07fd, org.springframework.test.context.transaction.TransactionalTestExecutionListener@64bfbc86, org.springframework.test.context.jdbc.SqlScriptsTestExecutionListener@64bf3bbf]
2019-08-28 11:21:35,461 72     [           main] INFO  ry.xml.XmlBeanDefinitionReader  - Loading XML bean definitions from class path resource [applicationContext.xml]
2019-08-28 11:21:35,673 284    [           main] INFO  port.GenericApplicationContext  - Refreshing org.springframework.context.support.GenericApplicationContext@5e853265: startup date [Wed Aug 28 11:21:35 CST 2019]; root of context hierarchy
2019-08-28 11:21:35,816 427    [       Thread-0] INFO  port.GenericApplicationContext  - Closing org.springframework.context.support.GenericApplicationContext@5e853265: startup date [Wed Aug 28 11:21:35 CST 2019]; root of context hierarchy
2019-08-28 11:37:20,851 0      [ost-startStop-1] INFO  .web.servlet.DispatcherServlet  - FrameworkServlet 'dispatcherServlet': initialization started
2019-08-28 11:37:20,866 15     [ost-startStop-1] INFO  pport.XmlWebApplicationContext  - Refreshing WebApplicationContext for namespace 'dispatcherServlet-servlet': startup date [Wed Aug 28 11:37:20 CST 2019]; root of context hierarchy
2019-08-28 11:37:20,891 40     [ost-startStop-1] INFO  ry.xml.XmlBeanDefinitionReader  - Loading XML bean definitions from class path resource [springmvc.xml]
2019-08-28 11:37:21,475 624    [ost-startStop-1] INFO  redAnnotationBeanPostProcessor  - JSR-330 'javax.inject.Inject' annotation found and supported for autowiring
2019-08-28 11:37:21,656 805    [ost-startStop-1] INFO  andler.SimpleUrlHandlerMapping  - Mapped URL path [/css/**] onto handler 'org.springframework.web.servlet.resource.ResourceHttpRequestHandler#0'
2019-08-28 11:37:21,673 822    [ost-startStop-1] INFO  andler.SimpleUrlHandlerMapping  - Mapped URL path [/images/**] onto handler 'org.springframework.web.servlet.resource.ResourceHttpRequestHandler#1'
2019-08-28 11:37:21,677 826    [ost-startStop-1] INFO  andler.SimpleUrlHandlerMapping  - Mapped URL path [/js/**] onto handler 'org.springframework.web.servlet.resource.ResourceHttpRequestHandler#2'
2019-08-28 11:37:21,706 855    [ost-startStop-1] INFO  n.RequestMappingHandlerMapping  - Mapped "{[/account/testMVC]}" onto public java.lang.String cn.yao.controller.AccountController.testMvc()
2019-08-28 11:37:21,756 905    [ost-startStop-1] INFO  n.RequestMappingHandlerAdapter  - Looking for @ControllerAdvice: WebApplicationContext for namespace 'dispatcherServlet-servlet': startup date [Wed Aug 28 11:37:20 CST 2019]; root of context hierarchy
2019-08-28 11:37:21,787 936    [ost-startStop-1] INFO  n.RequestMappingHandlerAdapter  - Looking for @ControllerAdvice: WebApplicationContext for namespace 'dispatcherServlet-servlet': startup date [Wed Aug 28 11:37:20 CST 2019]; root of context hierarchy
2019-08-28 11:37:21,867 1016   [ost-startStop-1] INFO  .web.servlet.DispatcherServlet  - FrameworkServlet 'dispatcherServlet': initialization completed in 1015 ms
2019-08-28 11:49:46,974 0      [ost-startStop-1] INFO  work.web.context.ContextLoader  - Root WebApplicationContext: initialization started
2019-08-28 11:49:47,007 33     [ost-startStop-1] INFO  pport.XmlWebApplicationContext  - Refreshing Root WebApplicationContext: startup date [Wed Aug 28 11:49:47 CST 2019]; root of context hierarchy
2019-08-28 11:49:47,038 64     [ost-startStop-1] INFO  ry.xml.XmlBeanDefinitionReader  - Loading XML bean definitions from class path resource [applicationContext.xml]
2019-08-28 11:49:47,233 259    [ost-startStop-1] INFO  redAnnotationBeanPostProcessor  - JSR-330 'javax.inject.Inject' annotation found and supported for autowiring
2019-08-28 11:49:47,294 320    [ost-startStop-1] INFO  work.web.context.ContextLoader  - Root WebApplicationContext: initialization completed in 319 ms
2019-08-28 11:49:47,324 350    [ost-startStop-1] INFO  .web.servlet.DispatcherServlet  - FrameworkServlet 'dispatcherServlet': initialization started
2019-08-28 11:49:47,326 352    [ost-startStop-1] INFO  pport.XmlWebApplicationContext  - Refreshing WebApplicationContext for namespace 'dispatcherServlet-servlet': startup date [Wed Aug 28 11:49:47 CST 2019]; parent: Root WebApplicationContext
2019-08-28 11:49:47,326 352    [ost-startStop-1] INFO  ry.xml.XmlBeanDefinitionReader  - Loading XML bean definitions from class path resource [springmvc.xml]
2019-08-28 11:49:47,453 479    [ost-startStop-1] INFO  redAnnotationBeanPostProcessor  - JSR-330 'javax.inject.Inject' annotation found and supported for autowiring
2019-08-28 11:49:47,608 634    [ost-startStop-1] INFO  andler.SimpleUrlHandlerMapping  - Mapped URL path [/css/**] onto handler 'org.springframework.web.servlet.resource.ResourceHttpRequestHandler#0'
2019-08-28 11:49:47,622 648    [ost-startStop-1] INFO  andler.SimpleUrlHandlerMapping  - Mapped URL path [/images/**] onto handler 'org.springframework.web.servlet.resource.ResourceHttpRequestHandler#1'
2019-08-28 11:49:47,627 653    [ost-startStop-1] INFO  andler.SimpleUrlHandlerMapping  - Mapped URL path [/js/**] onto handler 'org.springframework.web.servlet.resource.ResourceHttpRequestHandler#2'
2019-08-28 11:49:47,657 683    [ost-startStop-1] INFO  n.RequestMappingHandlerMapping  - Mapped "{[/account/testMVC]}" onto public java.lang.String cn.yao.controller.AccountController.testMvc()
2019-08-28 11:49:47,711 737    [ost-startStop-1] INFO  n.RequestMappingHandlerAdapter  - Looking for @ControllerAdvice: WebApplicationContext for namespace 'dispatcherServlet-servlet': startup date [Wed Aug 28 11:49:47 CST 2019]; parent: Root WebApplicationContext
2019-08-28 11:49:47,745 771    [ost-startStop-1] INFO  n.RequestMappingHandlerAdapter  - Looking for @ControllerAdvice: WebApplicationContext for namespace 'dispatcherServlet-servlet': startup date [Wed Aug 28 11:49:47 CST 2019]; parent: Root WebApplicationContext
2019-08-28 11:49:47,796 822    [ost-startStop-1] INFO  .web.servlet.DispatcherServlet  - FrameworkServlet 'dispatcherServlet': initialization completed in 472 ms
2019-08-28 11:54:03,792 0      [ost-startStop-1] INFO  work.web.context.ContextLoader  - Root WebApplicationContext: initialization started
2019-08-28 11:54:03,849 57     [ost-startStop-1] INFO  pport.XmlWebApplicationContext  - Refreshing Root WebApplicationContext: startup date [Wed Aug 28 11:54:03 CST 2019]; root of context hierarchy
2019-08-28 11:54:03,893 101    [ost-startStop-1] INFO  ry.xml.XmlBeanDefinitionReader  - Loading XML bean definitions from class path resource [applicationContext.xml]
2019-08-28 11:54:04,144 352    [ost-startStop-1] INFO  redAnnotationBeanPostProcessor  - JSR-330 'javax.inject.Inject' annotation found and supported for autowiring
2019-08-28 11:54:04,231 439    [ost-startStop-1] INFO  work.web.context.ContextLoader  - Root WebApplicationContext: initialization completed in 437 ms
2019-08-28 11:54:04,266 474    [ost-startStop-1] INFO  .web.servlet.DispatcherServlet  - FrameworkServlet 'dispatcherServlet': initialization started
2019-08-28 11:54:04,269 477    [ost-startStop-1] INFO  pport.XmlWebApplicationContext  - Refreshing WebApplicationContext for namespace 'dispatcherServlet-servlet': startup date [Wed Aug 28 11:54:04 CST 2019]; parent: Root WebApplicationContext
2019-08-28 11:54:04,270 478    [ost-startStop-1] INFO  ry.xml.XmlBeanDefinitionReader  - Loading XML bean definitions from class path resource [springmvc.xml]
2019-08-28 11:54:04,378 586    [ost-startStop-1] INFO  redAnnotationBeanPostProcessor  - JSR-330 'javax.inject.Inject' annotation found and supported for autowiring
2019-08-28 11:54:04,569 777    [ost-startStop-1] INFO  andler.SimpleUrlHandlerMapping  - Mapped URL path [/css/**] onto handler 'org.springframework.web.servlet.resource.ResourceHttpRequestHandler#0'
2019-08-28 11:54:04,588 796    [ost-startStop-1] INFO  andler.SimpleUrlHandlerMapping  - Mapped URL path [/images/**] onto handler 'org.springframework.web.servlet.resource.ResourceHttpRequestHandler#1'
2019-08-28 11:54:04,593 801    [ost-startStop-1] INFO  andler.SimpleUrlHandlerMapping  - Mapped URL path [/js/**] onto handler 'org.springframework.web.servlet.resource.ResourceHttpRequestHandler#2'
2019-08-28 11:54:04,640 848    [ost-startStop-1] INFO  n.RequestMappingHandlerMapping  - Mapped "{[/account/testMVC]}" onto public java.lang.String cn.yao.controller.AccountController.testMvc()
2019-08-28 11:54:04,789 997    [ost-startStop-1] INFO  n.RequestMappingHandlerAdapter  - Looking for @ControllerAdvice: WebApplicationContext for namespace 'dispatcherServlet-servlet': startup date [Wed Aug 28 11:54:04 CST 2019]; parent: Root WebApplicationContext
2019-08-28 11:54:04,818 1026   [ost-startStop-1] INFO  n.RequestMappingHandlerAdapter  - Looking for @ControllerAdvice: WebApplicationContext for namespace 'dispatcherServlet-servlet': startup date [Wed Aug 28 11:54:04 CST 2019]; parent: Root WebApplicationContext
2019-08-28 11:54:04,894 1102   [ost-startStop-1] INFO  .web.servlet.DispatcherServlet  - FrameworkServlet 'dispatcherServlet': initialization completed in 628 ms
2019-08-28 13:24:38,821 0      [           main] INFO  DefaultTestContextBootstrapper  - Loaded default TestExecutionListener class names from location [META-INF/spring.factories]: [org.springframework.test.context.web.ServletTestExecutionListener, org.springframework.test.context.support.DirtiesContextBeforeModesTestExecutionListener, org.springframework.test.context.support.DependencyInjectionTestExecutionListener, org.springframework.test.context.support.DirtiesContextTestExecutionListener, org.springframework.test.context.transaction.TransactionalTestExecutionListener, org.springframework.test.context.jdbc.SqlScriptsTestExecutionListener]
2019-08-28 13:24:38,836 15     [           main] INFO  DefaultTestContextBootstrapper  - Using TestExecutionListeners: [org.springframework.test.context.web.ServletTestExecutionListener@5025a98f, org.springframework.test.context.support.DirtiesContextBeforeModesTestExecutionListener@49993335, org.springframework.test.context.support.DependencyInjectionTestExecutionListener@20322d26, org.springframework.test.context.support.DirtiesContextTestExecutionListener@192b07fd, org.springframework.test.context.transaction.TransactionalTestExecutionListener@64bfbc86, org.springframework.test.context.jdbc.SqlScriptsTestExecutionListener@64bf3bbf]
2019-08-28 13:24:38,892 71     [           main] INFO  ry.xml.XmlBeanDefinitionReader  - Loading XML bean definitions from class path resource [applicationContext.xml]
2019-08-28 13:24:39,072 251    [           main] INFO  port.GenericApplicationContext  - Refreshing org.springframework.context.support.GenericApplicationContext@5e853265: startup date [Wed Aug 28 13:24:39 CST 2019]; root of context hierarchy
2019-08-28 13:24:39,788 967    [       Thread-0] INFO  port.GenericApplicationContext  - Closing org.springframework.context.support.GenericApplicationContext@5e853265: startup date [Wed Aug 28 13:24:39 CST 2019]; root of context hierarchy
2019-08-28 13:46:58,978 0      [           main] INFO  DefaultTestContextBootstrapper  - Loaded default TestExecutionListener class names from location [META-INF/spring.factories]: [org.springframework.test.context.web.ServletTestExecutionListener, org.springframework.test.context.support.DirtiesContextBeforeModesTestExecutionListener, org.springframework.test.context.support.DependencyInjectionTestExecutionListener, org.springframework.test.context.support.DirtiesContextTestExecutionListener, org.springframework.test.context.transaction.TransactionalTestExecutionListener, org.springframework.test.context.jdbc.SqlScriptsTestExecutionListener]
2019-08-28 13:46:58,994 16     [           main] INFO  DefaultTestContextBootstrapper  - Using TestExecutionListeners: [org.springframework.test.context.web.ServletTestExecutionListener@5025a98f, org.springframework.test.context.support.DirtiesContextBeforeModesTestExecutionListener@49993335, org.springframework.test.context.support.DependencyInjectionTestExecutionListener@20322d26, org.springframework.test.context.support.DirtiesContextTestExecutionListener@192b07fd, org.springframework.test.context.transaction.TransactionalTestExecutionListener@64bfbc86, org.springframework.test.context.jdbc.SqlScriptsTestExecutionListener@64bf3bbf]
2019-08-28 13:46:59,059 81     [           main] INFO  ry.xml.XmlBeanDefinitionReader  - Loading XML bean definitions from class path resource [applicationContext.xml]
2019-08-28 13:46:59,255 277    [           main] INFO  port.GenericApplicationContext  - Refreshing org.springframework.context.support.GenericApplicationContext@5e853265: startup date [Wed Aug 28 13:46:59 CST 2019]; root of context hierarchy
2019-08-28 13:46:59,439 461    [           main] INFO         com.mchange.v2.log.MLog  - MLog clients using log4j logging.
2019-08-28 13:46:59,780 802    [           main] INFO  m.mchange.v2.c3p0.C3P0Registry  - Initializing c3p0-0.9.1.2 [built 21-May-2007 15:04:56; debug? true; trace: 10]
2019-08-28 13:47:00,050 1072   [       Thread-1] INFO  port.GenericApplicationContext  - Closing org.springframework.context.support.GenericApplicationContext@5e853265: startup date [Wed Aug 28 13:46:59 CST 2019]; root of context hierarchy
2019-08-28 13:47:31,541 0      [ost-startStop-1] INFO  work.web.context.ContextLoader  - Root WebApplicationContext: initialization started
2019-08-28 13:47:31,576 35     [ost-startStop-1] INFO  pport.XmlWebApplicationContext  - Refreshing Root WebApplicationContext: startup date [Wed Aug 28 13:47:31 CST 2019]; root of context hierarchy
2019-08-28 13:47:31,606 65     [ost-startStop-1] INFO  ry.xml.XmlBeanDefinitionReader  - Loading XML bean definitions from class path resource [applicationContext.xml]
2019-08-28 13:47:31,863 322    [ost-startStop-1] INFO  redAnnotationBeanPostProcessor  - JSR-330 'javax.inject.Inject' annotation found and supported for autowiring
2019-08-28 13:47:31,948 407    [ost-startStop-1] INFO         com.mchange.v2.log.MLog  - MLog clients using log4j logging.
2019-08-28 13:47:31,980 439    [ost-startStop-1] INFO  m.mchange.v2.c3p0.C3P0Registry  - Initializing c3p0-0.9.1.2 [built 21-May-2007 15:04:56; debug? true; trace: 10]
2019-08-28 13:47:32,114 573    [ost-startStop-1] INFO  work.web.context.ContextLoader  - Root WebApplicationContext: initialization completed in 573 ms
2019-08-28 13:47:32,135 594    [ost-startStop-1] INFO  .web.servlet.DispatcherServlet  - FrameworkServlet 'dispatcherServlet': initialization started
2019-08-28 13:47:32,136 595    [ost-startStop-1] INFO  pport.XmlWebApplicationContext  - Refreshing WebApplicationContext for namespace 'dispatcherServlet-servlet': startup date [Wed Aug 28 13:47:32 CST 2019]; parent: Root WebApplicationContext
2019-08-28 13:47:32,137 596    [ost-startStop-1] INFO  ry.xml.XmlBeanDefinitionReader  - Loading XML bean definitions from class path resource [springmvc.xml]
2019-08-28 13:47:32,291 750    [ost-startStop-1] INFO  redAnnotationBeanPostProcessor  - JSR-330 'javax.inject.Inject' annotation found and supported for autowiring
2019-08-28 13:47:32,426 885    [ost-startStop-1] INFO  andler.SimpleUrlHandlerMapping  - Mapped URL path [/css/**] onto handler 'org.springframework.web.servlet.resource.ResourceHttpRequestHandler#0'
2019-08-28 13:47:32,439 898    [ost-startStop-1] INFO  andler.SimpleUrlHandlerMapping  - Mapped URL path [/images/**] onto handler 'org.springframework.web.servlet.resource.ResourceHttpRequestHandler#1'
2019-08-28 13:47:32,443 902    [ost-startStop-1] INFO  andler.SimpleUrlHandlerMapping  - Mapped URL path [/js/**] onto handler 'org.springframework.web.servlet.resource.ResourceHttpRequestHandler#2'
2019-08-28 13:47:32,479 938    [ost-startStop-1] INFO  n.RequestMappingHandlerMapping  - Mapped "{[/account/testMVC]}" onto public java.lang.String cn.yao.controller.AccountController.testMvc(org.springframework.ui.Model)
2019-08-28 13:47:32,544 1003   [ost-startStop-1] INFO  n.RequestMappingHandlerAdapter  - Looking for @ControllerAdvice: WebApplicationContext for namespace 'dispatcherServlet-servlet': startup date [Wed Aug 28 13:47:32 CST 2019]; parent: Root WebApplicationContext
2019-08-28 13:47:32,581 1040   [ost-startStop-1] INFO  n.RequestMappingHandlerAdapter  - Looking for @ControllerAdvice: WebApplicationContext for namespace 'dispatcherServlet-servlet': startup date [Wed Aug 28 13:47:32 CST 2019]; parent: Root WebApplicationContext
2019-08-28 13:47:32,657 1116   [ost-startStop-1] INFO  .web.servlet.DispatcherServlet  - FrameworkServlet 'dispatcherServlet': initialization completed in 522 ms
2019-08-28 13:47:35,173 3632   [bio-8080-exec-3] INFO  l.AbstractPoolBackedDataSource  - Initializing c3p0 pool... com.mchange.v2.c3p0.ComboPooledDataSource [ acquireIncrement -> 3, acquireRetryAttempts -> 30, acquireRetryDelay -> 1000, autoCommitOnClose -> false, automaticTestTable -> null, breakAfterAcquireFailure -> false, checkoutTimeout -> 0, connectionCustomizerClassName -> null, connectionTesterClassName -> com.mchange.v2.c3p0.impl.DefaultConnectionTester, dataSourceName -> z8kflta41nl854zhm1cbz|3c7debf0, debugUnreturnedConnectionStackTraces -> false, description -> null, driverClass -> com.mysql.jdbc.Driver, factoryClassLocation -> null, forceIgnoreUnresolvedTransactions -> false, identityToken -> z8kflta41nl854zhm1cbz|3c7debf0, idleConnectionTestPeriod -> 0, initialPoolSize -> 3, jdbcUrl -> jdbc:mysql://localhost:3306/eesy, maxAdministrativeTaskTime -> 0, maxConnectionAge -> 0, maxIdleTime -> 0, maxIdleTimeExcessConnections -> 0, maxPoolSize -> 15, maxStatements -> 0, maxStatementsPerConnection -> 0, minPoolSize -> 3, numHelperThreads -> 3, numThreadsAwaitingCheckoutDefaultUser -> 0, preferredTestQuery -> null, properties -> {user=******, password=******}, propertyCycle -> 0, testConnectionOnCheckin -> false, testConnectionOnCheckout -> false, unreturnedConnectionTimeout -> 0, usesTraditionalReflectiveProxies -> false ]
2019-08-28 13:47:59,032 0      [ost-startStop-1] INFO  work.web.context.ContextLoader  - Root WebApplicationContext: initialization started
2019-08-28 13:47:59,069 37     [ost-startStop-1] INFO  pport.XmlWebApplicationContext  - Refreshing Root WebApplicationContext: startup date [Wed Aug 28 13:47:59 CST 2019]; root of context hierarchy
2019-08-28 13:47:59,100 68     [ost-startStop-1] INFO  ry.xml.XmlBeanDefinitionReader  - Loading XML bean definitions from class path resource [applicationContext.xml]
2019-08-28 13:47:59,354 322    [ost-startStop-1] INFO  redAnnotationBeanPostProcessor  - JSR-330 'javax.inject.Inject' annotation found and supported for autowiring
2019-08-28 13:47:59,426 394    [ost-startStop-1] INFO         com.mchange.v2.log.MLog  - MLog clients using log4j logging.
2019-08-28 13:47:59,451 419    [ost-startStop-1] INFO  m.mchange.v2.c3p0.C3P0Registry  - Initializing c3p0-0.9.1.2 [built 21-May-2007 15:04:56; debug? true; trace: 10]
2019-08-28 13:47:59,602 570    [ost-startStop-1] INFO  work.web.context.ContextLoader  - Root WebApplicationContext: initialization completed in 568 ms
2019-08-28 13:47:59,628 596    [ost-startStop-1] INFO  .web.servlet.DispatcherServlet  - FrameworkServlet 'dispatcherServlet': initialization started
2019-08-28 13:47:59,630 598    [ost-startStop-1] INFO  pport.XmlWebApplicationContext  - Refreshing WebApplicationContext for namespace 'dispatcherServlet-servlet': startup date [Wed Aug 28 13:47:59 CST 2019]; parent: Root WebApplicationContext
2019-08-28 13:47:59,630 598    [ost-startStop-1] INFO  ry.xml.XmlBeanDefinitionReader  - Loading XML bean definitions from class path resource [springmvc.xml]
2019-08-28 13:47:59,807 775    [ost-startStop-1] INFO  redAnnotationBeanPostProcessor  - JSR-330 'javax.inject.Inject' annotation found and supported for autowiring
2019-08-28 13:47:59,957 925    [ost-startStop-1] INFO  andler.SimpleUrlHandlerMapping  - Mapped URL path [/css/**] onto handler 'org.springframework.web.servlet.resource.ResourceHttpRequestHandler#0'
2019-08-28 13:47:59,976 944    [ost-startStop-1] INFO  andler.SimpleUrlHandlerMapping  - Mapped URL path [/images/**] onto handler 'org.springframework.web.servlet.resource.ResourceHttpRequestHandler#1'
2019-08-28 13:47:59,981 949    [ost-startStop-1] INFO  andler.SimpleUrlHandlerMapping  - Mapped URL path [/js/**] onto handler 'org.springframework.web.servlet.resource.ResourceHttpRequestHandler#2'
2019-08-28 13:48:00,019 987    [ost-startStop-1] INFO  n.RequestMappingHandlerMapping  - Mapped "{[/account/testMVC]}" onto public java.lang.String cn.yao.controller.AccountController.testMvc(org.springframework.ui.Model)
2019-08-28 13:48:00,077 1045   [ost-startStop-1] INFO  n.RequestMappingHandlerAdapter  - Looking for @ControllerAdvice: WebApplicationContext for namespace 'dispatcherServlet-servlet': startup date [Wed Aug 28 13:47:59 CST 2019]; parent: Root WebApplicationContext
2019-08-28 13:48:00,117 1085   [ost-startStop-1] INFO  n.RequestMappingHandlerAdapter  - Looking for @ControllerAdvice: WebApplicationContext for namespace 'dispatcherServlet-servlet': startup date [Wed Aug 28 13:47:59 CST 2019]; parent: Root WebApplicationContext
2019-08-28 13:48:00,168 1136   [ost-startStop-1] INFO  .web.servlet.DispatcherServlet  - FrameworkServlet 'dispatcherServlet': initialization completed in 540 ms
2019-08-28 13:48:00,360 1328   [bio-8080-exec-1] INFO  l.AbstractPoolBackedDataSource  - Initializing c3p0 pool... com.mchange.v2.c3p0.ComboPooledDataSource [ acquireIncrement -> 3, acquireRetryAttempts -> 30, acquireRetryDelay -> 1000, autoCommitOnClose -> false, automaticTestTable -> null, breakAfterAcquireFailure -> false, checkoutTimeout -> 0, connectionCustomizerClassName -> null, connectionTesterClassName -> com.mchange.v2.c3p0.impl.DefaultConnectionTester, dataSourceName -> z8kflta41nl8qc41h2bnfy|7b2b1957, debugUnreturnedConnectionStackTraces -> false, description -> null, driverClass -> com.mysql.jdbc.Driver, factoryClassLocation -> null, forceIgnoreUnresolvedTransactions -> false, identityToken -> z8kflta41nl8qc41h2bnfy|7b2b1957, idleConnectionTestPeriod -> 0, initialPoolSize -> 3, jdbcUrl -> jdbc:mysql://localhost:3306/eesy, maxAdministrativeTaskTime -> 0, maxConnectionAge -> 0, maxIdleTime -> 0, maxIdleTimeExcessConnections -> 0, maxPoolSize -> 15, maxStatements -> 0, maxStatementsPerConnection -> 0, minPoolSize -> 3, numHelperThreads -> 3, numThreadsAwaitingCheckoutDefaultUser -> 0, preferredTestQuery -> null, properties -> {user=******, password=******}, propertyCycle -> 0, testConnectionOnCheckin -> false, testConnectionOnCheckout -> false, unreturnedConnectionTimeout -> 0, usesTraditionalReflectiveProxies -> false ]
2019-08-28 14:09:37,483 0      [ost-startStop-1] INFO  work.web.context.ContextLoader  - Root WebApplicationContext: initialization started
2019-08-28 14:09:37,516 33     [ost-startStop-1] INFO  pport.XmlWebApplicationContext  - Refreshing Root WebApplicationContext: startup date [Wed Aug 28 14:09:37 CST 2019]; root of context hierarchy
2019-08-28 14:09:37,540 57     [ost-startStop-1] INFO  ry.xml.XmlBeanDefinitionReader  - Loading XML bean definitions from class path resource [applicationContext.xml]
2019-08-28 14:09:37,840 357    [ost-startStop-1] INFO  redAnnotationBeanPostProcessor  - JSR-330 'javax.inject.Inject' annotation found and supported for autowiring
2019-08-28 14:09:38,131 648    [ost-startStop-1] INFO         com.mchange.v2.log.MLog  - MLog clients using log4j logging.
2019-08-28 14:09:38,281 798    [ost-startStop-1] INFO  m.mchange.v2.c3p0.C3P0Registry  - Initializing c3p0-0.9.1.2 [built 21-May-2007 15:04:56; debug? true; trace: 10]
2019-08-28 14:09:38,836 1353   [ost-startStop-1] INFO  work.web.context.ContextLoader  - Root WebApplicationContext: initialization completed in 1352 ms
2019-08-28 14:09:38,868 1385   [ost-startStop-1] INFO  .web.servlet.DispatcherServlet  - FrameworkServlet 'dispatcherServlet': initialization started
2019-08-28 14:09:38,871 1388   [ost-startStop-1] INFO  pport.XmlWebApplicationContext  - Refreshing WebApplicationContext for namespace 'dispatcherServlet-servlet': startup date [Wed Aug 28 14:09:38 CST 2019]; parent: Root WebApplicationContext
2019-08-28 14:09:38,871 1388   [ost-startStop-1] INFO  ry.xml.XmlBeanDefinitionReader  - Loading XML bean definitions from class path resource [springmvc.xml]
2019-08-28 14:09:38,982 1499   [ost-startStop-1] INFO  redAnnotationBeanPostProcessor  - JSR-330 'javax.inject.Inject' annotation found and supported for autowiring
2019-08-28 14:09:39,129 1646   [ost-startStop-1] INFO  andler.SimpleUrlHandlerMapping  - Mapped URL path [/css/**] onto handler 'org.springframework.web.servlet.resource.ResourceHttpRequestHandler#0'
2019-08-28 14:09:39,146 1663   [ost-startStop-1] INFO  andler.SimpleUrlHandlerMapping  - Mapped URL path [/images/**] onto handler 'org.springframework.web.servlet.resource.ResourceHttpRequestHandler#1'
2019-08-28 14:09:39,150 1667   [ost-startStop-1] INFO  andler.SimpleUrlHandlerMapping  - Mapped URL path [/js/**] onto handler 'org.springframework.web.servlet.resource.ResourceHttpRequestHandler#2'
2019-08-28 14:09:39,182 1699   [ost-startStop-1] INFO  n.RequestMappingHandlerMapping  - Mapped "{[/account/save]}" onto public void cn.yao.controller.AccountController.save(cn.yao.domain.Account,javax.servlet.http.HttpServletResponse,javax.servlet.http.HttpServletRequest)
2019-08-28 14:09:39,182 1699   [ost-startStop-1] INFO  n.RequestMappingHandlerMapping  - Mapped "{[/account/testMVC]}" onto public java.lang.String cn.yao.controller.AccountController.testMvc(org.springframework.ui.Model)
2019-08-28 14:09:39,245 1762   [ost-startStop-1] INFO  n.RequestMappingHandlerAdapter  - Looking for @ControllerAdvice: WebApplicationContext for namespace 'dispatcherServlet-servlet': startup date [Wed Aug 28 14:09:38 CST 2019]; parent: Root WebApplicationContext
2019-08-28 14:09:39,278 1795   [ost-startStop-1] INFO  n.RequestMappingHandlerAdapter  - Looking for @ControllerAdvice: WebApplicationContext for namespace 'dispatcherServlet-servlet': startup date [Wed Aug 28 14:09:38 CST 2019]; parent: Root WebApplicationContext
2019-08-28 14:09:39,330 1847   [ost-startStop-1] INFO  .web.servlet.DispatcherServlet  - FrameworkServlet 'dispatcherServlet': initialization completed in 462 ms
2019-08-28 14:09:51,614 14131  [bio-8080-exec-3] INFO  l.AbstractPoolBackedDataSource  - Initializing c3p0 pool... com.mchange.v2.c3p0.ComboPooledDataSource [ acquireIncrement -> 3, acquireRetryAttempts -> 30, acquireRetryDelay -> 1000, autoCommitOnClose -> false, automaticTestTable -> null, breakAfterAcquireFailure -> false, checkoutTimeout -> 0, connectionCustomizerClassName -> null, connectionTesterClassName -> com.mchange.v2.c3p0.impl.DefaultConnectionTester, dataSourceName -> z8kflta41nm0kig1ylwsou|3cdd9e69, debugUnreturnedConnectionStackTraces -> false, description -> null, driverClass -> com.mysql.jdbc.Driver, factoryClassLocation -> null, forceIgnoreUnresolvedTransactions -> false, identityToken -> z8kflta41nm0kig1ylwsou|3cdd9e69, idleConnectionTestPeriod -> 0, initialPoolSize -> 3, jdbcUrl -> jdbc:mysql://localhost:3306/eesy, maxAdministrativeTaskTime -> 0, maxConnectionAge -> 0, maxIdleTime -> 0, maxIdleTimeExcessConnections -> 0, maxPoolSize -> 15, maxStatements -> 0, maxStatementsPerConnection -> 0, minPoolSize -> 3, numHelperThreads -> 3, numThreadsAwaitingCheckoutDefaultUser -> 0, preferredTestQuery -> null, properties -> {user=******, password=******}, propertyCycle -> 0, testConnectionOnCheckin -> false, testConnectionOnCheckout -> false, unreturnedConnectionTimeout -> 0, usesTraditionalReflectiveProxies -> false ]
